<?xml version="1.0" encoding="UTF-8"?>
<!-- Generated by org.testng.reporters.JUnitReportReporter -->
<testsuite hostname="DESKTOP-T1PL2IG" failures="0" tests="7" name="modulepackage.Pom_project.TC_008_filter_price" time="28.994" errors="0" timestamp="2025-07-08T15:59:49 IST" skipped="0">
  <testcase classname="modulepackage.Pom_project.TC_008_filter_price" name="Search_Product_And_vaildate_Search_product" time="8.476">
    <system-out>
      <![CDATA[Search the product and validate the search product]]>
    </system-out>
  </testcase> <!-- Search_Product_And_vaildate_Search_product -->
  <testcase classname="modulepackage.Pom_project.TC_008_filter_price" name="get_the_first_product_price" time="0.221">
    <system-out>
      <![CDATA[fetch the first product price]]>
    </system-out>
  </testcase> <!-- get_the_first_product_price -->
  <testcase classname="modulepackage.Pom_project.TC_008_filter_price" name="select_filter_price_low_to_high" time="5.898">
    <system-out>
      <![CDATA[select_filter_price_low_to_high]]>
    </system-out>
  </testcase> <!-- select_filter_price_low_to_high -->
  <testcase classname="modulepackage.Pom_project.TC_008_filter_price" name="get_the_first_product_price_after_filter" time="0.615">
    <system-out>
      <![CDATA[get_the_first_product_price_after_filter]]>
    </system-out>
  </testcase> <!-- get_the_first_product_price_after_filter -->
  <testcase classname="modulepackage.Pom_project.TC_008_filter_price" name="compare_price" time="0.070"/>
  <testcase classname="modulepackage.Pom_project.TC_008_filter_price" name="select_filter_avg_coustmer_rating" time="8.714">
    <system-out>
      <![CDATA[select filter avg coustmer rating]]>
    </system-out>
  </testcase> <!-- select_filter_avg_coustmer_rating -->
  <testcase classname="modulepackage.Pom_project.TC_008_filter_price" name="verified_avg_customer_rating_drowpdown_selected" time="5.000">
    <system-out>
      <![CDATA[verified avg customer rating drowpdown selected]]>
    </system-out>
  </testcase> <!-- verified_avg_customer_rating_drowpdown_selected -->
  <system-out>
    <![CDATA[Search the product and validate the search product
fetch the first product price
select_filter_price_low_to_high
get_the_first_product_price_after_filter
select filter avg coustmer rating
verified avg customer rating drowpdown selected]]>
  </system-out>
</testsuite> <!-- modulepackage.Pom_project.TC_008_filter_price -->
