<?xml version="1.0" encoding="UTF-8"?>
<!-- Generated by org.testng.reporters.JUnitReportReporter -->
<testsuite hostname="DESKTOP-T1PL2IG" failures="0" tests="5" name="modulepackage.Pom_project.TC_004_profile_updation" time="84.774" errors="0" timestamp="2025-07-08T09:13:45 IST" skipped="0">
  <testcase classname="modulepackage.Pom_project.TC_004_profile_updation" name="hover_element" time="14.691">
    <system-out>
      <![CDATA[Hover on the element and click on sign in button]]>
    </system-out>
  </testcase> <!-- hover_element -->
  <testcase classname="modulepackage.Pom_project.TC_004_profile_updation" name="enter_vaild_cred_and_validate_username" time="21.425">
    <system-out>
      <![CDATA[Enter vaild cred
verfiy the name of the login user]]>
    </system-out>
  </testcase> <!-- enter_vaild_cred_and_validate_username -->
  <testcase classname="modulepackage.Pom_project.TC_004_profile_updation" name="Navigate_To_profile_page" time="45.096"/>
  <testcase classname="modulepackage.Pom_project.TC_004_profile_updation" name="Verify_Profile_Page" time="0.480"/>
  <testcase classname="modulepackage.Pom_project.TC_004_profile_updation" name="verfiy_profile_name" time="3.082"/>
  <system-out>
    <![CDATA[Hover on the element and click on sign in button
Enter vaild cred
verfiy the name of the login user]]>
  </system-out>
</testsuite> <!-- modulepackage.Pom_project.TC_004_profile_updation -->
