<?xml version="1.0" encoding="UTF-8"?>
<!-- Generated by org.testng.reporters.JUnitReportReporter -->
<testsuite hostname="DESKTOP-T1PL2IG" failures="0" tests="3" name="modulepackage.Pom_project.TC_006_verify_searching_with_price_handler" time="68.244" errors="0" timestamp="2025-07-08T09:55:11 IST" skipped="0">
  <testcase classname="modulepackage.Pom_project.TC_006_verify_searching_with_price_handler" name="Search_Product_And_vaildate_Search_product" time="11.612">
    <system-out>
      <![CDATA[Search the product and validate the search product]]>
    </system-out>
  </testcase> <!-- Search_Product_And_vaildate_Search_product -->
  <testcase classname="modulepackage.Pom_project.TC_006_verify_searching_with_price_handler" name="handle_rightside_price_range" time="56.441">
    <system-out>
      <![CDATA[handle right side price range and click on go button and asserting the price should not be equal]]>
    </system-out>
  </testcase> <!-- handle_rightside_price_range -->
  <testcase classname="modulepackage.Pom_project.TC_006_verify_searching_with_price_handler" name="verify_category" time="0.191">
    <system-out>
      <![CDATA[verfiy_category name ]]>
    </system-out>
  </testcase> <!-- verify_category -->
  <system-out>
    <![CDATA[Search the product and validate the search product
handle right side price range and click on go button and asserting the price should not be equal
verfiy_category name ]]>
  </system-out>
</testsuite> <!-- modulepackage.Pom_project.TC_006_verify_searching_with_price_handler -->
