<?xml version="1.0" encoding="UTF-8"?>
<!-- Generated by org.testng.reporters.JUnitReportReporter -->
<testsuite hostname="DESKTOP-T1PL2IG" failures="0" tests="3" name="modulepackage.Pom_project.TC_001_amazon_flow" time="32.168" errors="0" timestamp="2025-06-28T09:08:52 IST" skipped="0">
  <testcase classname="modulepackage.Pom_project.TC_001_amazon_flow" name="hover_on_element_click_on_sign_button" time="11.472">
    <system-out>
      <![CDATA[hover on element and click on sign in button]]>
    </system-out>
  </testcase> <!-- hover_on_element_click_on_sign_button -->
  <testcase classname="modulepackage.Pom_project.TC_001_amazon_flow" name="login_with_vaild_cred" time="15.846">
    <system-out>
      <![CDATA[Enter the vaild username and password and click on logins]]>
    </system-out>
  </testcase> <!-- login_with_vaild_cred -->
  <testcase classname="modulepackage.Pom_project.TC_001_amazon_flow" name="Search_The_Product" time="4.850"/>
  <system-out>
    <![CDATA[hover on element and click on sign in button
Enter the vaild username and password and click on logins]]>
  </system-out>
</testsuite> <!-- modulepackage.Pom_project.TC_001_amazon_flow -->
