<?xml version="1.0" encoding="UTF-8"?>
<!-- Generated by org.testng.reporters.JUnitReportReporter -->
<testsuite hostname="DESKTOP-T1PL2IG" failures="0" tests="7" name="modulepackage.Pom_project.TC_0012_Select_each_payment_method" time="105.311" errors="0" timestamp="2025-07-08T10:12:06 IST" skipped="0">
  <testcase classname="modulepackage.Pom_project.TC_0012_Select_each_payment_method" name="hover_element" time="11.132">
    <system-out>
      <![CDATA[Hover on the element and click on sign in button]]>
    </system-out>
  </testcase> <!-- hover_element -->
  <testcase classname="modulepackage.Pom_project.TC_0012_Select_each_payment_method" name="enter_vaild_cred_and_validate_username" time="17.848">
    <system-out>
      <![CDATA[Enter vaild cred]]>
    </system-out>
  </testcase> <!-- enter_vaild_cred_and_validate_username -->
  <testcase classname="modulepackage.Pom_project.TC_0012_Select_each_payment_method" name="Search_Product_And_vaildate_Search_product" time="12.475">
    <system-out>
      <![CDATA[Search the product and validate the search product]]>
    </system-out>
  </testcase> <!-- Search_Product_And_vaildate_Search_product -->
  <testcase classname="modulepackage.Pom_project.TC_0012_Select_each_payment_method" name="click_on_first_product" time="14.619">
    <system-out>
      <![CDATA[Cllick on the first product]]>
    </system-out>
  </testcase> <!-- click_on_first_product -->
  <testcase classname="modulepackage.Pom_project.TC_0012_Select_each_payment_method" name="click_on_add_to_cart_proceed_to_buy" time="20.338">
    <system-out>
      <![CDATA[click on add to cart icons and click on proceed to buy button]]>
    </system-out>
  </testcase> <!-- click_on_add_to_cart_proceed_to_buy -->
  <testcase classname="modulepackage.Pom_project.TC_0012_Select_each_payment_method" name="check_card_option_before_clicking" time="13.721">
    <system-out>
      <![CDATA[check card option before clicking]]>
    </system-out>
  </testcase> <!-- check_card_option_before_clicking -->
  <testcase classname="modulepackage.Pom_project.TC_0012_Select_each_payment_method" name="check_card_option_after_clicking" time="15.178">
    <system-out>
      <![CDATA[check card option after clicking]]>
    </system-out>
  </testcase> <!-- check_card_option_after_clicking -->
  <system-out>
    <![CDATA[Hover on the element and click on sign in button
Enter vaild cred
Search the product and validate the search product
Cllick on the first product
click on add to cart icons and click on proceed to buy button
check card option before clicking
check card option after clicking]]>
  </system-out>
</testsuite> <!-- modulepackage.Pom_project.TC_0012_Select_each_payment_method -->
