<?xml version="1.0" encoding="UTF-8"?>
<!-- Generated by org.testng.reporters.JUnitReportReporter -->
<testsuite hostname="DESKTOP-T1PL2IG" failures="0" tests="4" name="modulepackage.Pom_project.TC_0015_reach_till_cart_page_without_login" time="4.689" errors="0" timestamp="2025-07-03T13:21:13 IST" skipped="0">
  <testcase classname="modulepackage.Pom_project.TC_0015_reach_till_cart_page_without_login" name="verify_cart_icon_click_cart_icon" time="4.093">
    <system-out>
      <![CDATA[cart icons is displayed and click on cart icon ]]>
    </system-out>
  </testcase> <!-- verify_cart_icon_click_cart_icon -->
  <testcase classname="modulepackage.Pom_project.TC_0015_reach_till_cart_page_without_login" name="verify_cart_page_heading" time="0.487">
    <system-out>
      <![CDATA[verify cart heading in cart page]]>
    </system-out>
  </testcase> <!-- verify_cart_page_heading -->
  <testcase classname="modulepackage.Pom_project.TC_0015_reach_till_cart_page_without_login" name="verify_signin_button" time="0.035">
    <system-out>
      <![CDATA[verify signin button  in cart page]]>
    </system-out>
  </testcase> <!-- verify_signin_button -->
  <testcase classname="modulepackage.Pom_project.TC_0015_reach_till_cart_page_without_login" name="verify_signin_button_heading" time="0.074">
    <system-out>
      <![CDATA[verify signin button  heading in cart page]]>
    </system-out>
  </testcase> <!-- verify_signin_button_heading -->
  <system-out>
    <![CDATA[cart icons is displayed and click on cart icon 
verify cart heading in cart page
verify signin button  in cart page
verify signin button  heading in cart page]]>
  </system-out>
</testsuite> <!-- modulepackage.Pom_project.TC_0015_reach_till_cart_page_without_login -->
