<?xml version="1.0" encoding="UTF-8"?>
<!-- Generated by org.testng.reporters.JUnitReportReporter -->
<testsuite hostname="DESKTOP-T1PL2IG" failures="0" tests="3" name="modulepackage.Pom_project.verify_product_added_to_cart" time="54.699" errors="0" timestamp="2025-07-03T22:26:31 IST" skipped="0">
  <testcase classname="modulepackage.Pom_project.verify_product_added_to_cart" name="Search_Product_And_vaildate_Search_product" time="7.180">
    <system-out>
      <![CDATA[Search the product and validate the search product]]>
    </system-out>
  </testcase> <!-- Search_Product_And_vaildate_Search_product -->
  <testcase classname="modulepackage.Pom_project.verify_product_added_to_cart" name="click_on_first_product" time="19.776">
    <system-out>
      <![CDATA[Cllick on the first product]]>
    </system-out>
  </testcase> <!-- click_on_first_product -->
  <testcase classname="modulepackage.Pom_project.verify_product_added_to_cart" name="verify_add_to_cart" time="27.743">
    <system-out>
      <![CDATA[validate item added in the cart]]>
    </system-out>
  </testcase> <!-- verify_add_to_cart -->
  <system-out>
    <![CDATA[Search the product and validate the search product
Cllick on the first product
validate item added in the cart]]>
  </system-out>
</testsuite> <!-- modulepackage.Pom_project.verify_product_added_to_cart -->
