<?xml version="1.0" encoding="UTF-8"?>
<!-- Generated by org.testng.reporters.JUnitReportReporter -->
<testsuite hostname="DESKTOP-T1PL2IG" failures="0" tests="6" name="modulepackage.Pom_project.TC_Amazon_flow" time="115.633" errors="0" timestamp="2025-06-28T18:02:23 IST" skipped="0">
  <testcase classname="modulepackage.Pom_project.TC_Amazon_flow" name="hover_element" time="8.021">
    <system-out>
      <![CDATA[Hover on the element and click on sign in button]]>
    </system-out>
  </testcase> <!-- hover_element -->
  <testcase classname="modulepackage.Pom_project.TC_Amazon_flow" name="enter_vaild_cred" time="15.820">
    <system-out>
      <![CDATA[Enter vaild cred]]>
    </system-out>
  </testcase> <!-- enter_vaild_cred -->
  <testcase classname="modulepackage.Pom_project.TC_Amazon_flow" name="search_product" time="42.163">
    <system-out>
      <![CDATA[Search the prodduct]]>
    </system-out>
  </testcase> <!-- search_product -->
  <testcase classname="modulepackage.Pom_project.TC_Amazon_flow" name="click_on_first_product" time="16.233">
    <system-out>
      <![CDATA[Cllick on the first product]]>
    </system-out>
  </testcase> <!-- click_on_first_product -->
  <testcase classname="modulepackage.Pom_project.TC_Amazon_flow" name="click_on_add_to_cart_proceed_to_buy" time="20.096">
    <system-out>
      <![CDATA[click on add to cart icons and click on proceed to buy button]]>
    </system-out>
  </testcase> <!-- click_on_add_to_cart_proceed_to_buy -->
  <testcase classname="modulepackage.Pom_project.TC_Amazon_flow" name="select_creditcard_option" time="13.300">
    <system-out>
      <![CDATA[Select the payment option as creditcard]]>
    </system-out>
  </testcase> <!-- select_creditcard_option -->
  <system-out>
    <![CDATA[Hover on the element and click on sign in button
Enter vaild cred
Search the prodduct
Cllick on the first product
click on add to cart icons and click on proceed to buy button
Select the payment option as creditcard]]>
  </system-out>
</testsuite> <!-- modulepackage.Pom_project.TC_Amazon_flow -->
