<?xml version="1.0" encoding="UTF-8"?>
<!-- Generated by org.testng.reporters.JUnitReportReporter -->
<testsuite hostname="DESKTOP-T1PL2IG" failures="0" tests="5" name="modulepackage.Pom_project.Updating_qty_removing_from_cart" time="13.145" errors="0" timestamp="2025-07-03T23:35:57 IST" skipped="0">
  <testcase classname="modulepackage.Pom_project.Updating_qty_removing_from_cart" name="Search_Product_And_vaildate_Search_product" time="5.824">
    <system-out>
      <![CDATA[Search the product and validate the search product]]>
    </system-out>
  </testcase> <!-- Search_Product_And_vaildate_Search_product -->
  <testcase classname="modulepackage.Pom_project.Updating_qty_removing_from_cart" name="Verify_search_input" time="0.182">
    <system-out>
      <![CDATA[Verify_search_input]]>
    </system-out>
  </testcase> <!-- Verify_search_input -->
  <testcase classname="modulepackage.Pom_project.Updating_qty_removing_from_cart" name="updating_cart_qty" time="3.511">
    <system-out>
      <![CDATA[Verifying and updating the cart qty]]>
    </system-out>
  </testcase> <!-- updating_cart_qty -->
  <testcase classname="modulepackage.Pom_project.Updating_qty_removing_from_cart" name="removing_cart_qty" time="3.531">
    <system-out>
      <![CDATA[Removing the cart qty]]>
    </system-out>
  </testcase> <!-- removing_cart_qty -->
  <testcase classname="modulepackage.Pom_project.Updating_qty_removing_from_cart" name="removing_removed_msg" time="0.097">
    <system-out>
      <![CDATA[Verifiying the Removing the cart msg]]>
    </system-out>
  </testcase> <!-- removing_removed_msg -->
  <system-out>
    <![CDATA[Search the product and validate the search product
Verify_search_input
Verifying and updating the cart qty
Removing the cart qty
Verifiying the Removing the cart msg]]>
  </system-out>
</testsuite> <!-- modulepackage.Pom_project.Updating_qty_removing_from_cart -->
