<?xml version="1.0" encoding="UTF-8"?>
<!-- Generated by org.testng.reporters.JUnitReportReporter -->
<testsuite hostname="DESKTOP-T1PL2IG" failures="0" tests="5" name="modulepackage.Pom_project.TC_007_pice_rating_displayed" time="25.825" errors="0" timestamp="2025-07-05T12:31:30 IST" skipped="0">
  <testcase classname="modulepackage.Pom_project.TC_007_pice_rating_displayed" name="Search_Product_And_vaildate_Search_product" time="11.668">
    <system-out>
      <![CDATA[Search the product and validate the search product]]>
    </system-out>
  </testcase> <!-- Search_Product_And_vaildate_Search_product -->
  <testcase classname="modulepackage.Pom_project.TC_007_pice_rating_displayed" name="click_on_first_product" time="12.408">
    <system-out>
      <![CDATA[Cllick on the first product]]>
    </system-out>
  </testcase> <!-- click_on_first_product -->
  <testcase classname="modulepackage.Pom_project.TC_007_pice_rating_displayed" name="verfiy_product_heading" time="0.549">
    <system-out>
      <![CDATA[verfiy_product_heading]]>
    </system-out>
  </testcase> <!-- verfiy_product_heading -->
  <testcase classname="modulepackage.Pom_project.TC_007_pice_rating_displayed" name="verfiy_product_price" time="0.678">
    <system-out>
      <![CDATA[verfiy_product_price]]>
    </system-out>
  </testcase> <!-- verfiy_product_price -->
  <testcase classname="modulepackage.Pom_project.TC_007_pice_rating_displayed" name="verfiy_rating" time="0.522"/>
  <system-out>
    <![CDATA[Search the product and validate the search product
Cllick on the first product
verfiy_product_heading
verfiy_product_price]]>
  </system-out>
</testsuite> <!-- modulepackage.Pom_project.TC_007_pice_rating_displayed -->
