<?xml version="1.0" encoding="UTF-8"?>
<!-- Generated by org.testng.reporters.JUnitReportReporter -->
<testsuite hostname="DESKTOP-T1PL2IG" failures="0" tests="2" name="modulepackage.Pom_project.TC_002_verfiy_login__correctly" time="34.559" errors="0" timestamp="2025-07-08T08:53:20 IST" skipped="0">
  <testcase classname="modulepackage.Pom_project.TC_002_verfiy_login__correctly" name="hover_element" time="12.320">
    <system-out>
      <![CDATA[Hover on the element and click on sign in button]]>
    </system-out>
  </testcase> <!-- hover_element -->
  <testcase classname="modulepackage.Pom_project.TC_002_verfiy_login__correctly" name="enter_vaild_cred_and_validate_username" time="22.239">
    <system-out>
      <![CDATA[Enter vaild cred
verfiy the name of the login user]]>
    </system-out>
  </testcase> <!-- enter_vaild_cred_and_validate_username -->
  <system-out>
    <![CDATA[Hover on the element and click on sign in button
Enter vaild cred
verfiy the name of the login user]]>
  </system-out>
</testsuite> <!-- modulepackage.Pom_project.TC_002_verfiy_login__correctly -->
