<?xml version="1.0" encoding="UTF-8"?>
<!-- Generated by org.testng.reporters.JUnitReportReporter -->
<testsuite hostname="DESKTOP-T1PL2IG" failures="0" tests="7" name="modulepackage.Pom_project.TC_0013_promo_code" time="41.075" errors="0" timestamp="2025-07-11T14:35:27 IST" skipped="0">
  <testcase classname="modulepackage.Pom_project.TC_0013_promo_code" name="hover_element" time="3.585">
    <system-out>
      <![CDATA[Hover on the element and click on sign in button]]>
    </system-out>
  </testcase> <!-- hover_element -->
  <testcase classname="modulepackage.Pom_project.TC_0013_promo_code" name="enter_vaild_cred_and_validate_username" time="2.416">
    <system-out>
      <![CDATA[Enter vaild cred]]>
    </system-out>
  </testcase> <!-- enter_vaild_cred_and_validate_username -->
  <testcase classname="modulepackage.Pom_project.TC_0013_promo_code" name="Search_Product_And_vaildate_Search_product" time="10.239">
    <system-out>
      <![CDATA[Search the product and validate the search product]]>
    </system-out>
  </testcase> <!-- Search_Product_And_vaildate_Search_product -->
  <testcase classname="modulepackage.Pom_project.TC_0013_promo_code" name="click_on_first_product" time="11.700">
    <system-out>
      <![CDATA[Click on the first product]]>
    </system-out>
  </testcase> <!-- click_on_first_product -->
  <testcase classname="modulepackage.Pom_project.TC_0013_promo_code" name="click_on_add_to_cart_proceed_to_buy" time="11.053">
    <system-out>
      <![CDATA[click on add to cart icons and click on proceed to buy button]]>
    </system-out>
  </testcase> <!-- click_on_add_to_cart_proceed_to_buy -->
  <testcase classname="modulepackage.Pom_project.TC_0013_promo_code" name="check_promo_code_applied" time="0.569">
    <system-out>
      <![CDATA[input promo code and click on apply button]]>
    </system-out>
  </testcase> <!-- check_promo_code_applied -->
  <testcase classname="modulepackage.Pom_project.TC_0013_promo_code" name="verfiy_promo_code_msg" time="1.513">
    <system-out>
      <![CDATA[verfiy the promo code msg is displayed and msg contails is not vaild]]>
    </system-out>
  </testcase> <!-- verfiy_promo_code_msg -->
  <system-out>
    <![CDATA[Search the product and validate the search product
validate the search result count should be greater than 3
Hover on the element and click on sign in button
Enter vaild cred
Search the product and validate the search product
Click on the first product
click on add to cart icons and click on proceed to buy button
input promo code and click on apply button
verfiy the promo code msg is displayed and msg contails is not vaild]]>
  </system-out>
</testsuite> <!-- modulepackage.Pom_project.TC_0013_promo_code -->
