<?xml version="1.0" encoding="UTF-8"?>
<!-- Generated by org.testng.reporters.JUnitReportReporter -->
<testsuite hostname="DESKTOP-T1PL2IG" failures="0" tests="5" name="modulepackage.Pom_project.TC_0010_Updating_qty_removing_from_cart" time="11.302" errors="0" timestamp="2025-07-10T13:33:48 IST" skipped="0">
  <testcase classname="modulepackage.Pom_project.TC_0010_Updating_qty_removing_from_cart" name="Search_Product_And_vaildate_Search_product" time="4.825">
    <system-out>
      <![CDATA[Search the product and validate the search product]]>
    </system-out>
  </testcase> <!-- Search_Product_And_vaildate_Search_product -->
  <testcase classname="modulepackage.Pom_project.TC_0010_Updating_qty_removing_from_cart" name="Verify_search_input" time="0.237">
    <system-out>
      <![CDATA[Verify_search_input]]>
    </system-out>
  </testcase> <!-- Verify_search_input -->
  <testcase classname="modulepackage.Pom_project.TC_0010_Updating_qty_removing_from_cart" name="updating_cart_qty" time="2.822">
    <system-out>
      <![CDATA[Verifying and updating the cart qty]]>
    </system-out>
  </testcase> <!-- updating_cart_qty -->
  <testcase classname="modulepackage.Pom_project.TC_0010_Updating_qty_removing_from_cart" name="removing_cart_qty" time="3.340">
    <system-out>
      <![CDATA[Removing the cart qty]]>
    </system-out>
  </testcase> <!-- removing_cart_qty -->
  <testcase classname="modulepackage.Pom_project.TC_0010_Updating_qty_removing_from_cart" name="removing_removed_msg" time="0.078">
    <system-out>
      <![CDATA[Verifiying the Removing the cart msg]]>
    </system-out>
  </testcase> <!-- removing_removed_msg -->
  <system-out>
    <![CDATA[Search the product and validate the search product
validate the search result count should be greater than 3
Hover on the element and click on sign in button
Enter vaild cred
Click on the first product
click on add to cart icons and click on proceed to buy button
input promo code and click on apply button
Search the product and validate the search product
Verify_search_input
Verifying and updating the cart qty
Removing the cart qty
Verifiying the Removing the cart msg]]>
  </system-out>
</testsuite> <!-- modulepackage.Pom_project.TC_0010_Updating_qty_removing_from_cart -->
