<?xml version="1.0" encoding="UTF-8"?>
<!-- Generated by org.testng.reporters.JUnitReportReporter -->
<testsuite hostname="DESKTOP-T1PL2IG" failures="0" tests="2" name="modulepackage.Pom_project.TC_005_search_product" time="7.433" errors="0" timestamp="2025-07-11T14:35:27 IST" skipped="0">
  <testcase classname="modulepackage.Pom_project.TC_005_search_product" name="Search_Product_And_vaildate_Search_product" time="5.945">
    <system-out>
      <![CDATA[Search the product and validate the search product]]>
    </system-out>
  </testcase> <!-- Search_Product_And_vaildate_Search_product -->
  <testcase classname="modulepackage.Pom_project.TC_005_search_product" name="Vaildate_The_Count_Of_Search_Product" time="1.488">
    <system-out>
      <![CDATA[validate the search result count should be greater than 3]]>
    </system-out>
  </testcase> <!-- Vaildate_The_Count_Of_Search_Product -->
  <system-out>
    <![CDATA[Search the product and validate the search product
validate the search result count should be greater than 3
Hover on the element and click on sign in button
Enter vaild cred
Search the product and validate the search product
Click on the first product
click on add to cart icons and click on proceed to buy button
input promo code and click on apply button
verfiy the promo code msg is displayed and msg contails is not vaild]]>
  </system-out>
</testsuite> <!-- modulepackage.Pom_project.TC_005_search_product -->
